# JRE version: OpenJDK Runtime Environment (8.0_152-b06) (build 1.8.0_152-release-1136-b06)
# Java VM: OpenJDK 64-Bit Server VM (25.152-b06 mixed mode windows-amd64 compressed oops)
Heap:
 PSYoungGen      total 338944K, used 132077K [0x00000000e0000000, 0x00000000f6800000, 0x0000000100000000)
  eden space 316416K, 41% used [0x00000000e0000000,0x00000000e7fd8628,0x00000000f3500000)
  from space 22528K, 5% used [0x00000000f5000000,0x00000000f5122f98,0x00000000f6600000)
  to   space 26112K, 0% used [0x00000000f3500000,0x00000000f3500000,0x00000000f4e80000)
 ParOldGen       total 90112K, used 46434K [0x00000000a0000000, 0x00000000a5800000, 0x00000000e0000000)
  object space 90112K, 51% used [0x00000000a0000000,0x00000000a2d58bc8,0x00000000a5800000)
 Metaspace       used 80678K, capacity 83748K, committed 84008K, reserved 1122304K
  class space    used 10395K, capacity 11047K, committed 11056K, reserved 1048576K
GC Heap History (10 events):
Event: 29.309 GC heap before
{Heap before GC invocations=13 (full 2):
 PSYoungGen      total 226304K, used 21101K [0x00000000e0000000, 0x00000000efa80000, 0x0000000100000000)
  eden space 209408K, 2% used [0x00000000e0000000,0x00000000e0423370,0x00000000ecc80000)
  from space 16896K, 99% used [0x00000000ee280000,0x00000000ef2f8318,0x00000000ef300000)
  to   space 22528K, 0% used [0x00000000ecc80000,0x00000000ecc80000,0x00000000ee280000)
 ParOldGen       total 68096K, used 30203K [0x00000000a0000000, 0x00000000a4280000, 0x00000000e0000000)
  object space 68096K, 44% used [0x00000000a0000000,0x00000000a1d7efc0,0x00000000a4280000)
 Metaspace       used 57397K, capacity 59052K, committed 59160K, reserved 1099776K
  class space    used 7640K, capacity 8039K, committed 8112K, reserved 1048576K
Event: 29.353 GC heap after
Heap after GC invocations=13 (full 2):
 PSYoungGen      total 231936K, used 288K [0x00000000e0000000, 0x00000000f6600000, 0x0000000100000000)
  eden space 209408K, 0% used [0x00000000e0000000,0x00000000e0000000,0x00000000ecc80000)
  from space 22528K, 1% used [0x00000000ecc80000,0x00000000eccc8000,0x00000000ee280000)
  to   space 22528K, 0% used [0x00000000f5000000,0x00000000f5000000,0x00000000f6600000)
 ParOldGen       total 68096K, used 46985K [0x00000000a0000000, 0x00000000a4280000, 0x00000000e0000000)
  object space 68096K, 68% used [0x00000000a0000000,0x00000000a2de2720,0x00000000a4280000)
 Metaspace       used 57397K, capacity 59052K, committed 59160K, reserved 1099776K
  class space    used 7640K, capacity 8039K, committed 8112K, reserved 1048576K
}
Event: 29.353 GC heap before
{Heap before GC invocations=14 (full 3):
 PSYoungGen      total 231936K, used 288K [0x00000000e0000000, 0x00000000f6600000, 0x0000000100000000)
  eden space 209408K, 0% used [0x00000000e0000000,0x00000000e0000000,0x00000000ecc80000)
  from space 22528K, 1% used [0x00000000ecc80000,0x00000000eccc8000,0x00000000ee280000)
  to   space 22528K, 0% used [0x00000000f5000000,0x00000000f5000000,0x00000000f6600000)
 ParOldGen       total 68096K, used 46985K [0x00000000a0000000, 0x00000000a4280000, 0x00000000e0000000)
  object space 68096K, 68% used [0x00000000a0000000,0x00000000a2de2720,0x00000000a4280000)
 Metaspace       used 57397K, capacity 59052K, committed 59160K, reserved 1099776K
  class space    used 7640K, capacity 8039K, committed 8112K, reserved 1048576K
Event: 29.646 GC heap after
Heap after GC invocations=14 (full 3):
 PSYoungGen      total 231936K, used 0K [0x00000000e0000000, 0x00000000f6600000, 0x0000000100000000)
  eden space 209408K, 0% used [0x00000000e0000000,0x00000000e0000000,0x00000000ecc80000)
  from space 22528K, 0% used [0x00000000ecc80000,0x00000000ecc80000,0x00000000ee280000)
  to   space 22528K, 0% used [0x00000000f5000000,0x00000000f5000000,0x00000000f6600000)
 ParOldGen       total 90112K, used 28412K [0x00000000a0000000, 0x00000000a5800000, 0x00000000e0000000)
  object space 90112K, 31% used [0x00000000a0000000,0x00000000a1bbf3f0,0x00000000a5800000)
 Metaspace       used 57397K, capacity 59052K, committed 59160K, reserved 1099776K
  class space    used 7640K, capacity 8039K, committed 8112K, reserved 1048576K
}
Event: 894.060 GC heap before
{Heap before GC invocations=15 (full 3):
 PSYoungGen      total 231936K, used 209408K [0x00000000e0000000, 0x00000000f6600000, 0x0000000100000000)
  eden space 209408K, 100% used [0x00000000e0000000,0x00000000ecc80000,0x00000000ecc80000)
  from space 22528K, 0% used [0x00000000ecc80000,0x00000000ecc80000,0x00000000ee280000)
  to   space 22528K, 0% used [0x00000000f5000000,0x00000000f5000000,0x00000000f6600000)
 ParOldGen       total 90112K, used 28412K [0x00000000a0000000, 0x00000000a5800000, 0x00000000e0000000)
  object space 90112K, 31% used [0x00000000a0000000,0x00000000a1bbf3f0,0x00000000a5800000)
 Metaspace       used 62098K, capacity 64176K, committed 64296K, reserved 1105920K
  class space    used 8206K, capacity 8687K, committed 8752K, reserved 1048576K
Event: 894.165 GC heap after
Heap after GC invocations=15 (full 3):
 PSYoungGen      total 338944K, used 21286K [0x00000000e0000000, 0x00000000f6800000, 0x0000000100000000)
  eden space 316416K, 0% used [0x00000000e0000000,0x00000000e0000000,0x00000000f3500000)
  from space 22528K, 94% used [0x00000000f5000000,0x00000000f64c99b8,0x00000000f6600000)
  to   space 26112K, 0% used [0x00000000f3500000,0x00000000f3500000,0x00000000f4e80000)
 ParOldGen       total 90112K, used 28420K [0x00000000a0000000, 0x00000000a5800000, 0x00000000e0000000)
  object space 90112K, 31% used [0x00000000a0000000,0x00000000a1bc13f0,0x00000000a5800000)
 Metaspace       used 62098K, capacity 64176K, committed 64296K, reserved 1105920K
  class space    used 8206K, capacity 8687K, committed 8752K, reserved 1048576K
}
Event: 939.166 GC heap before
{Heap before GC invocations=16 (full 3):
 PSYoungGen      total 338944K, used 337692K [0x00000000e0000000, 0x00000000f6800000, 0x0000000100000000)
  eden space 316416K, 99% used [0x00000000e0000000,0x00000000f34fd838,0x00000000f3500000)
  from space 22528K, 94% used [0x00000000f5000000,0x00000000f64c99b8,0x00000000f6600000)
  to   space 26112K, 0% used [0x00000000f3500000,0x00000000f3500000,0x00000000f4e80000)
 ParOldGen       total 90112K, used 28420K [0x00000000a0000000, 0x00000000a5800000, 0x00000000e0000000)
  object space 90112K, 31% used [0x00000000a0000000,0x00000000a1bc13f0,0x00000000a5800000)
 Metaspace       used 70714K, capacity 73052K, committed 73256K, reserved 1112064K
  class space    used 9142K, capacity 9669K, committed 9776K, reserved 1048576K
Event: 939.229 GC heap after
Heap after GC invocations=16 (full 3):
 PSYoungGen      total 342528K, used 15626K [0x00000000e0000000, 0x00000000f6800000, 0x0000000100000000)
  eden space 316416K, 0% used [0x00000000e0000000,0x00000000e0000000,0x00000000f3500000)
  from space 26112K, 59% used [0x00000000f3500000,0x00000000f4442ab8,0x00000000f4e80000)
  to   space 22528K, 0% used [0x00000000f5000000,0x00000000f5000000,0x00000000f6600000)
 ParOldGen       total 90112K, used 35200K [0x00000000a0000000, 0x00000000a5800000, 0x00000000e0000000)
  object space 90112K, 39% used [0x00000000a0000000,0x00000000a22602d8,0x00000000a5800000)
 Metaspace       used 70714K, capacity 73052K, committed 73256K, reserved 1112064K
  class space    used 9142K, capacity 9669K, committed 9776K, reserved 1048576K
}
Event: 940.093 GC heap before
{Heap before GC invocations=17 (full 3):
 PSYoungGen      total 342528K, used 332042K [0x00000000e0000000, 0x00000000f6800000, 0x0000000100000000)
  eden space 316416K, 100% used [0x00000000e0000000,0x00000000f3500000,0x00000000f3500000)
  from space 26112K, 59% used [0x00000000f3500000,0x00000000f4442ab8,0x00000000f4e80000)
  to   space 22528K, 0% used [0x00000000f5000000,0x00000000f5000000,0x00000000f6600000)
 ParOldGen       total 90112K, used 35200K [0x00000000a0000000, 0x00000000a5800000, 0x00000000e0000000)
  object space 90112K, 39% used [0x00000000a0000000,0x00000000a22602d8,0x00000000a5800000)
 Metaspace       used 71518K, capacity 73880K, committed 74024K, reserved 1114112K
  class space    used 9240K, capacity 9761K, committed 9776K, reserved 1048576K
Event: 940.113 GC heap after
Heap after GC invocations=17 (full 3):
 PSYoungGen      total 338944K, used 1163K [0x00000000e0000000, 0x00000000f6800000, 0x0000000100000000)
  eden space 316416K, 0% used [0x00000000e0000000,0x00000000e0000000,0x00000000f3500000)
  from space 22528K, 5% used [0x00000000f5000000,0x00000000f5122f98,0x00000000f6600000)
  to   space 26112K, 0% used [0x00000000f3500000,0x00000000f3500000,0x00000000f4e80000)
 ParOldGen       total 90112K, used 46434K [0x00000000a0000000, 0x00000000a5800000, 0x00000000e0000000)
  object space 90112K, 51% used [0x00000000a0000000,0x00000000a2d58bc8,0x00000000a5800000)
 Metaspace       used 71518K, capacity 73880K, committed 74024K, reserved 1114112K
  class space    used 9240K, capacity 9761K, committed 9776K, reserved 1048576K
}

